<?xml version="1.0" encoding="utf-8"?>
<TestRun id="f7313242-5b77-430f-9dd3-d5e71c57d55d" name="sandr@LAPTOP-GHFTIB1O 2021-03-21 18:43:37" runUser="LAPTOP-GHFTIB1O\sandr" xmlns="http://microsoft.com/schemas/VisualStudio/TeamTest/2010">
  <Times creation="2021-03-21T18:43:37.9417104+01:00" queuing="2021-03-21T18:43:37.9417118+01:00" start="2021-03-21T18:43:10.6301734+01:00" finish="2021-03-21T18:47:17.6671115+01:00" />
  <TestSettings name="default" id="76289bcd-f110-4400-b424-d593b30aef35">
    <Deployment runDeploymentRoot="sandr_LAPTOP-GHFTIB1O_2021-03-21_18_43_37" />
  </TestSettings>
  <Results>
    <UnitTestResult executionId="f8a77f6c-17f6-4a19-b848-a7d49bcd9b00" testId="62bf34e6-5879-1091-841c-0420fda1134b" testName="ThePlayerShouldBeAbleToOpenTheLivePageUid333Cf42D_0725_4E29_8A88_7835A6F5993A" computerName="LAPTOP-GHFTIB1O" duration="00:00:14.3958170" startTime="2021-03-21T18:44:23.7093154+01:00" endTime="2021-03-21T18:44:38.1051297+01:00" testType="13cdc9d9-ddb5-4fa4-a97d-d965ccfc6d4b" outcome="Passed" testListId="8c84fa94-04c1-424b-9868-57a2d4851a1d" relativeResultsDirectory="f8a77f6c-17f6-4a19-b848-a7d49bcd9b00" />
    <UnitTestResult executionId="81473410-a251-4bc7-89de-08ab5d41d9f7" testId="7ecd2631-c3db-2a32-8c89-0fd82e80c21e" testName="ThePlayerShouldBeAbleToOpenTheSportPageUid4D4679Dd_1212_4Fa1_A89F_9842A0735324" computerName="LAPTOP-GHFTIB1O" duration="00:00:15.8436150" startTime="2021-03-21T18:46:45.6286866+01:00" endTime="2021-03-21T18:47:01.4723004+01:00" testType="13cdc9d9-ddb5-4fa4-a97d-d965ccfc6d4b" outcome="Passed" testListId="8c84fa94-04c1-424b-9868-57a2d4851a1d" relativeResultsDirectory="81473410-a251-4bc7-89de-08ab5d41d9f7" />
    <UnitTestResult executionId="6eee0090-b4b4-473c-9b84-a587881b4b5a" testId="7f950236-c379-a9eb-85ac-327d2bf02419" testName="ThePlayerShouldBeAbleToOpenThePlayerTicketsPageUidB76218Ac_Af1A_432E_9735_E5Ffa15090Ec" computerName="LAPTOP-GHFTIB1O" duration="00:00:23.7411200" startTime="2021-03-21T18:45:52.1772789+01:00" endTime="2021-03-21T18:46:15.9183971+01:00" testType="13cdc9d9-ddb5-4fa4-a97d-d965ccfc6d4b" outcome="Passed" testListId="8c84fa94-04c1-424b-9868-57a2d4851a1d" relativeResultsDirectory="6eee0090-b4b4-473c-9b84-a587881b4b5a" />
    <UnitTestResult executionId="d0bbe8c7-7eb7-40e8-a4e0-1e5b96ed40af" testId="38dd565e-bdff-4e9c-cd06-e26b79422a0d" testName="ThePlayerShouldBeAbleToOpenTheLottoPageUidD895Df3F_72B2_4650_Aab8_Ae364635Cfe6" computerName="LAPTOP-GHFTIB1O" duration="00:00:15.9851460" startTime="2021-03-21T18:44:38.1052167+01:00" endTime="2021-03-21T18:44:54.0903620+01:00" testType="13cdc9d9-ddb5-4fa4-a97d-d965ccfc6d4b" outcome="Passed" testListId="8c84fa94-04c1-424b-9868-57a2d4851a1d" relativeResultsDirectory="d0bbe8c7-7eb7-40e8-a4e0-1e5b96ed40af" />
    <UnitTestResult executionId="a17d30c7-bb90-489e-a553-cd538a66afbc" testId="832fe0bc-b37e-2659-ad02-03631e16c0eb" testName="ThePlayerShouldBeAbleToOpenTheShopsPageUidCdbbeb10_7B8B_453C_Ba55_7A56B9Db4E7D" computerName="LAPTOP-GHFTIB1O" duration="00:00:14.5094390" startTime="2021-03-21T18:46:31.1192067+01:00" endTime="2021-03-21T18:46:45.6286452+01:00" testType="13cdc9d9-ddb5-4fa4-a97d-d965ccfc6d4b" outcome="Passed" testListId="8c84fa94-04c1-424b-9868-57a2d4851a1d" relativeResultsDirectory="a17d30c7-bb90-489e-a553-cd538a66afbc" />
    <UnitTestResult executionId="d3426d5b-82a7-4a9f-90f8-13c15caeea0b" testId="769b007d-5945-cb05-b0a3-a429c5fac78a" testName="TheOnlinePlayerShouldBeAbleToPurchaseAPrematchSimpleTicketUid1358B00E_C0Ce_4Fd9_8Fa0_0C496626F5C6" computerName="LAPTOP-GHFTIB1O" duration="00:00:32.5887030" startTime="2021-03-21T18:44:44.6102756+01:00" endTime="2021-03-21T18:45:17.1989785+01:00" testType="13cdc9d9-ddb5-4fa4-a97d-d965ccfc6d4b" outcome="Passed" testListId="8c84fa94-04c1-424b-9868-57a2d4851a1d" relativeResultsDirectory="d3426d5b-82a7-4a9f-90f8-13c15caeea0b" />
    <UnitTestResult executionId="da8d0a25-89e7-4375-a4d9-d97a658a7c63" testId="6a1b1fca-35f6-151e-865c-b9741de64790" testName="ThePlayerShouldBeAbleToOpenTheVirtualGamesPageUidD308F37E_8Eea_4F95_9Ae5_B80F1818261A" computerName="LAPTOP-GHFTIB1O" duration="00:00:15.2665420" startTime="2021-03-21T18:47:01.4723499+01:00" endTime="2021-03-21T18:47:16.7388896+01:00" testType="13cdc9d9-ddb5-4fa4-a97d-d965ccfc6d4b" outcome="Passed" testListId="8c84fa94-04c1-424b-9868-57a2d4851a1d" relativeResultsDirectory="da8d0a25-89e7-4375-a4d9-d97a658a7c63" />
    <UnitTestResult executionId="b7870f2f-34fb-4135-8efd-40ec81d6d19f" testId="83c159ff-89ec-1f41-ffcc-7cb7f3277b04" testName="ThePlayerShouldBeAbleToLogInTheSuperbetPageUid45Bba8D7_836C_41C4_9E37_4064A9Ee474B" computerName="LAPTOP-GHFTIB1O" duration="00:00:19.8460770" startTime="2021-03-21T18:43:46.0908204+01:00" endTime="2021-03-21T18:44:05.9368961+01:00" testType="13cdc9d9-ddb5-4fa4-a97d-d965ccfc6d4b" outcome="Passed" testListId="8c84fa94-04c1-424b-9868-57a2d4851a1d" relativeResultsDirectory="b7870f2f-34fb-4135-8efd-40ec81d6d19f" />
    <UnitTestResult executionId="bef85741-d880-4540-b5b0-87be8b99f2d8" testId="312d3942-1a7b-0a7c-33af-335b0d18a63c" testName="ThePlayerShouldBeAbleToOpenTheHomepageUid89B199D9_Ed54_4Ef2_A8D4_786A1D995D25" computerName="LAPTOP-GHFTIB1O" duration="00:00:15.0010100" startTime="2021-03-21T18:44:08.7082033+01:00" endTime="2021-03-21T18:44:23.7092110+01:00" testType="13cdc9d9-ddb5-4fa4-a97d-d965ccfc6d4b" outcome="Passed" testListId="8c84fa94-04c1-424b-9868-57a2d4851a1d" relativeResultsDirectory="bef85741-d880-4540-b5b0-87be8b99f2d8" />
    <UnitTestResult executionId="0ce7d96e-a56d-461a-b84c-a65765a7e36f" testId="96dc22a6-dc37-9b76-bb2e-c01b7e229c42" testName="ThePlayerShouldBeAbleToOpenTheHelpPopUpUidE324C779_C707_4C39_88C7_1D9Af058496A" computerName="LAPTOP-GHFTIB1O" duration="00:00:14.5024100" startTime="2021-03-21T18:43:54.2056946+01:00" endTime="2021-03-21T18:44:08.7081030+01:00" testType="13cdc9d9-ddb5-4fa4-a97d-d965ccfc6d4b" outcome="Passed" testListId="8c84fa94-04c1-424b-9868-57a2d4851a1d" relativeResultsDirectory="0ce7d96e-a56d-461a-b84c-a65765a7e36f" />
    <UnitTestResult executionId="896bbd67-22d8-499e-96aa-da84c74ab680" testId="462c6867-563d-8fcf-a4d7-972874cf7236" testName="ThePlayerShouldBeAbleToOpenThePlayerHistoryPageUid89C19Dc2_77C9_4E93_9B6B_Ea4A4D5Fdeb1" computerName="LAPTOP-GHFTIB1O" duration="00:00:20.9499770" startTime="2021-03-21T18:45:31.2272465+01:00" endTime="2021-03-21T18:45:52.1772235+01:00" testType="13cdc9d9-ddb5-4fa4-a97d-d965ccfc6d4b" outcome="Passed" testListId="8c84fa94-04c1-424b-9868-57a2d4851a1d" relativeResultsDirectory="896bbd67-22d8-499e-96aa-da84c74ab680" />
    <UnitTestResult executionId="715e7f9b-5897-4315-8157-e775a9cd1ac2" testId="cd55d25b-41d2-42ae-24a1-94a58f3fa220" testName="ThePlayerShouldBeAbleToOpenTheResultsPageUidE7D6451F_8B71_461E_B5C1_38930Eb41667" computerName="LAPTOP-GHFTIB1O" duration="00:00:15.2006070" startTime="2021-03-21T18:46:15.9184929+01:00" endTime="2021-03-21T18:46:31.1190979+01:00" testType="13cdc9d9-ddb5-4fa4-a97d-d965ccfc6d4b" outcome="Passed" testListId="8c84fa94-04c1-424b-9868-57a2d4851a1d" relativeResultsDirectory="715e7f9b-5897-4315-8157-e775a9cd1ac2" />
    <UnitTestResult executionId="f78acfcf-a4c2-4a77-92cf-17615d74b7f0" testId="06f8d459-195e-2026-15f9-0bef49edd0cf" testName="TheOnlinePlayerShouldBeAbleToPurchaseALottoSimpleTicketUidB0Afcf6E_F620_49A3_9E30_5Dddc7895F39" computerName="LAPTOP-GHFTIB1O" duration="00:01:33.7732080" startTime="2021-03-21T18:43:11.8427751+01:00" endTime="2021-03-21T18:44:45.6159824+01:00" testType="13cdc9d9-ddb5-4fa4-a97d-d965ccfc6d4b" outcome="Failed" testListId="8c84fa94-04c1-424b-9868-57a2d4851a1d" relativeResultsDirectory="f78acfcf-a4c2-4a77-92cf-17615d74b7f0">
      <Output>
        <ErrorInfo>
          <Message>Step 'the player has added 1 Lotto selection to the Betslip' failed! Method WdFindElements can not find element with locator: By.CssSelector: .ball-grid__ball-wrapper.&#xD;
Method WdHighlight can not find and highlight element with locator: By.CssSelector: .ball-grid__ball-wrapper.&#xD;
Timed out after 60 seconds</Message>
          <StackTrace>   at UI.Steps.LottoBettingSteps.GivenThePlayerHasAddedLottoSelectionToTheBetslip(Int32 numberOfEventsToAdd) in C:\Users\sandr\source\Diplomski\Code\web.test.UI\UI\Steps\LottoBettingSteps.cs:line 42&#xD;
   at TechTalk.SpecFlow.Bindings.BindingInvoker.InvokeBinding(IBinding binding, IContextManager contextManager, Object[] arguments, ITestTracer testTracer, TimeSpan&amp; duration)&#xD;
   at TechTalk.SpecFlow.Infrastructure.TestExecutionEngine.ExecuteStepMatch(BindingMatch match, Object[] arguments, TimeSpan&amp; duration)&#xD;
   at TechTalk.SpecFlow.Infrastructure.TestExecutionEngine.ExecuteStep(IContextManager contextManager, StepInstance stepInstance)&#xD;
   at TechTalk.SpecFlow.Infrastructure.TestExecutionEngine.OnAfterLastStep()&#xD;
   at TechTalk.SpecFlow.TestRunner.CollectScenarioErrors()&#xD;
   at UI.Features.SystemIntegrationTests.UserJourney.LottoOnlineBettingFeature.ScenarioCleanup()&#xD;
   at UI.Features.SystemIntegrationTests.UserJourney.LottoOnlineBettingFeature.TheOnlinePlayerShouldBeAbleToPurchaseALottoSimpleTicketUidB0Afcf6E_F620_49A3_9E30_5Dddc7895F39() in C:\Users\sandr\source\Diplomski\Code\web.test.UI\UI\Features\SystemIntegrationTests\UserJourney\LottoOnlineBetting.feature:line 31&#xD;
</StackTrace>
        </ErrorInfo>
      </Output>
    </UnitTestResult>
    <UnitTestResult executionId="5748b807-f105-4970-9b83-61122fbe0d6d" testId="150d07a3-0984-fd59-db0d-baa368cb2b6c" testName="ThePlayerShouldBeAbleToOpenTheNewsPageUidFd12947E_F5C9_44F5_A29B_8843D07E24B7" computerName="LAPTOP-GHFTIB1O" duration="00:00:15.3430570" startTime="2021-03-21T18:44:54.0903900+01:00" endTime="2021-03-21T18:45:09.4334463+01:00" testType="13cdc9d9-ddb5-4fa4-a97d-d965ccfc6d4b" outcome="Passed" testListId="8c84fa94-04c1-424b-9868-57a2d4851a1d" relativeResultsDirectory="5748b807-f105-4970-9b83-61122fbe0d6d" />
    <UnitTestResult executionId="648e4fdd-d4ca-497a-9273-13edbf9d1e03" testId="ae22006c-1cde-9dca-3f19-cdab47fbd44b" testName="ThePlayerShouldBeAbleToOpenTheGamesPageUid953C3Ea1_B328_410B_9De3_57F878A3C777" computerName="LAPTOP-GHFTIB1O" duration="00:00:16.3221570" startTime="2021-03-21T18:43:37.8806253+01:00" endTime="2021-03-21T18:43:54.2027838+01:00" testType="13cdc9d9-ddb5-4fa4-a97d-d965ccfc6d4b" outcome="Passed" testListId="8c84fa94-04c1-424b-9868-57a2d4851a1d" relativeResultsDirectory="648e4fdd-d4ca-497a-9273-13edbf9d1e03" />
    <UnitTestResult executionId="862aa364-48bd-461b-a340-7954c63add4f" testId="e7d66fc3-f627-c8ba-c466-7d8dbe4a1013" testName="TheOnlinePlayerShouldBeAbleToLogoutFromTheSuperbetPageUid7C59221E_A3Cf_467A_9B01_7609816E119D" computerName="LAPTOP-GHFTIB1O" duration="00:00:34.2479609" startTime="2021-03-21T18:43:11.8427947+01:00" endTime="2021-03-21T18:43:46.0907559+01:00" testType="13cdc9d9-ddb5-4fa4-a97d-d965ccfc6d4b" outcome="Passed" testListId="8c84fa94-04c1-424b-9868-57a2d4851a1d" relativeResultsDirectory="862aa364-48bd-461b-a340-7954c63add4f" />
    <UnitTestResult executionId="18f0a0fc-d76f-4c5c-89ae-21e12d85522a" testId="f3d53b5f-6575-95b3-cffd-d26c50101f5c" testName="ThePlayerShouldBeAbleToOpenTheCasinoLivePageUidE74A10Af_1D3A_410A_B3E7_B75B24A92C4E" computerName="LAPTOP-GHFTIB1O" duration="00:00:26.0349110" startTime="2021-03-21T18:43:11.8427792+01:00" endTime="2021-03-21T18:43:37.8775524+01:00" testType="13cdc9d9-ddb5-4fa4-a97d-d965ccfc6d4b" outcome="Passed" testListId="8c84fa94-04c1-424b-9868-57a2d4851a1d" relativeResultsDirectory="18f0a0fc-d76f-4c5c-89ae-21e12d85522a" />
    <UnitTestResult executionId="d7686b96-2759-4a2b-8f70-41f73c2c2e24" testId="8eed4094-d36c-308c-d5c6-ff8227b13555" testName="ThePlayerShouldBeAbleToOpenThePlayerAccountPageUid60E00Bd5_Ba27_4772_Ad5B_82406C92599E" computerName="LAPTOP-GHFTIB1O" duration="00:00:21.7934360" startTime="2021-03-21T18:45:09.4334748+01:00" endTime="2021-03-21T18:45:31.2269066+01:00" testType="13cdc9d9-ddb5-4fa4-a97d-d965ccfc6d4b" outcome="Passed" testListId="8c84fa94-04c1-424b-9868-57a2d4851a1d" relativeResultsDirectory="d7686b96-2759-4a2b-8f70-41f73c2c2e24" />
    <UnitTestResult executionId="0024348f-5cfe-4d05-9800-63b9a8c750b2" testId="2de5489f-99b3-1868-cd77-dabc8f4ad750" testName="TheOnlinePlayerShouldBeAbleToPurchaseAInplaySimpleTicketUid6Da48565_61Fc_407A_8F86_5435Fa3Edc4A" computerName="LAPTOP-GHFTIB1O" duration="00:01:32.7672590" startTime="2021-03-21T18:43:11.8427461+01:00" endTime="2021-03-21T18:44:44.6100067+01:00" testType="13cdc9d9-ddb5-4fa4-a97d-d965ccfc6d4b" outcome="Failed" testListId="8c84fa94-04c1-424b-9868-57a2d4851a1d" relativeResultsDirectory="0024348f-5cfe-4d05-9800-63b9a8c750b2">
      <Output>
        <StdOut>#16: Given the player is logged in&#xD;
#19: Given the player is logged in&#xD;
#13: Given the player is logged in&#xD;
#14: Given the player is on the page "SUPERBET"&#xD;
-&gt; #14: done: NavigationSteps.GivenThePlayerIsOnThePage("SUPERBET") (16.7s)&#xD;
#14: When the player clicks on the page "CASINO"&#xD;
-&gt; #14: done: NavigationSteps.WhenThePlayerClicksOnThePage("CASINO") (0.8s)&#xD;
#14: Then the "CASINO" page is displayed&#xD;
-&gt; #14: done: NavigationSteps.ThenThePageIsDisplayed("CASINO") (0.2s)&#xD;
-&gt; #13: done: PlayerSteps.GivenThePlayerIsLoggedIn() (24.3s)&#xD;
#13: And the player has added "1" Lotto selection to the Betslip&#xD;
-&gt; #16: done: PlayerSteps.GivenThePlayerIsLoggedIn() (24.9s)&#xD;
#16: And the player has added "1" random "INPLAY" "FOOTBALL" events to the Betslip&#xD;
#14: Given the player is on the page "SUPERBET"&#xD;
-&gt; #19: done: PlayerSteps.GivenThePlayerIsLoggedIn() (25.3s)&#xD;
#19: When the player tries to logout&#xD;
-&gt; #19: done: PlayerSteps.WhenThePlayerTriesToLogout() (0.5s)&#xD;
#19: Then the player is logged out&#xD;
-&gt; #19: done: PlayerSteps.ThenThePlayerIsLoggedOut() (1.6s)&#xD;
#19: Given the player is on the page "SUPERBET"&#xD;
-&gt; #14: done: NavigationSteps.GivenThePlayerIsOnThePage("SUPERBET") (8.9s)&#xD;
#14: When the player clicks on the page "GAMES"&#xD;
-&gt; #14: done: NavigationSteps.WhenThePlayerClicksOnThePage("GAMES") (1.6s)&#xD;
#14: Then the "GAMES" page is displayed&#xD;
-&gt; #14: done: NavigationSteps.ThenThePageIsDisplayed("GAMES") (0.1s)&#xD;
#14: Given the player is on the page "SUPERBET"&#xD;
-&gt; #19: done: NavigationSteps.GivenThePlayerIsOnThePage("SUPERBET") (8.7s)&#xD;
#19: When the player tries to log in with valid credentials&#xD;
-&gt; #19: done: PlayerSteps.WhenThePlayerTriesToLogInWithValidCredentials() (2.7s)&#xD;
#19: Then the player should be logged in&#xD;
-&gt; #19: done: PlayerSteps.ThenThePlayerShouldBeLoggedIn() (1.9s)&#xD;
-&gt; #14: done: NavigationSteps.GivenThePlayerIsOnThePage("SUPERBET") (8.7s)&#xD;
#14: When the player clicks on the page "HELP"&#xD;
-&gt; #14: done: NavigationSteps.WhenThePlayerClicksOnThePage("HELP") (0.1s)&#xD;
#14: Then the "HELP" page is displayed&#xD;
-&gt; #14: done: NavigationSteps.ThenThePageIsDisplayed("HELP") (0.1s)&#xD;
#14: Given the player is on the page "LIVE"&#xD;
-&gt; #14: done: NavigationSteps.GivenThePlayerIsOnThePage("LIVE") (8.6s)&#xD;
#14: When the player clicks on the page "SUPERBET"&#xD;
-&gt; #14: done: NavigationSteps.WhenThePlayerClicksOnThePage("SUPERBET") (1.0s)&#xD;
#14: Then the "SUPERBET" page is displayed&#xD;
-&gt; #14: done: NavigationSteps.ThenThePageIsDisplayed("SUPERBET") (0.0s)&#xD;
#14: Given the player is on the page "SUPERBET"&#xD;
-&gt; #14: done: NavigationSteps.GivenThePlayerIsOnThePage("SUPERBET") (8.3s)&#xD;
#14: When the player clicks on the page "LIVE"&#xD;
-&gt; #14: done: NavigationSteps.WhenThePlayerClicksOnThePage("LIVE") (0.7s)&#xD;
#14: Then the "LIVE" page is displayed&#xD;
-&gt; #14: done: NavigationSteps.ThenThePageIsDisplayed("LIVE") (0.1s)&#xD;
#14: Given the player is on the page "SUPERBET"&#xD;
-&gt; #16: error: Step 'the player has added 1 random INPLAY FOOTBALL events to the Betslip' failed! Method WdFindElement can not find element with locator: By.CssSelector: .e2e-5.&#xD;
Method WdHighlight can not find and highlight element with locator: By.CssSelector: .e2e-5.&#xD;
Timed out after 60 seconds. (61.3s)&#xD;
#16: When the player purchases an "ONLINE" sport "SIMPLE" ticket&#xD;
-&gt; #16: skipped because of previous errors&#xD;
#16: Then the "ONLINE" sport "SIMPLE" ticket is purchased&#xD;
-&gt; #16: skipped because of previous errors&#xD;
#16: And the player balance amount is subtracted by the ticket stake&#xD;
-&gt; #16: skipped because of previous errors&#xD;
-&gt; #13: error: Step 'the player has added 1 Lotto selection to the Betslip' failed! Method WdFindElements can not find element with locator: By.CssSelector: .ball-grid__ball-wrapper.&#xD;
Method WdHighlight can not find and highlight element with locator: By.CssSelector: .ball-grid__ball-wrapper.&#xD;
Timed out after 60 seconds (62.8s)&#xD;
#13: When the player purchases an "ONLINE" Lotto "SIMPLE" ticket&#xD;
-&gt; #13: skipped because of previous errors&#xD;
#13: Then the "ONLINE" Lotto "SIMPLE" ticket is purchased&#xD;
-&gt; #13: skipped because of previous errors&#xD;
#13: And the player balance amount is subtracted by the ticket stake&#xD;
-&gt; #13: skipped because of previous errors</StdOut>
        <ErrorInfo>
          <Message>Step 'the player has added 1 random INPLAY FOOTBALL events to the Betslip' failed! Method WdFindElement can not find element with locator: By.CssSelector: .e2e-5.&#xD;
Method WdHighlight can not find and highlight element with locator: By.CssSelector: .e2e-5.&#xD;
Timed out after 60 seconds.</Message>
          <StackTrace>   at UI.Steps.SportBettingSteps.GivenThePlayerHasAddedRandomEventsToTheBetslip(Int32 numberOfEventsToAdd, String bettingType, String sportGame) in C:\Users\sandr\source\Diplomski\Code\web.test.UI\UI\Steps\SportBettingSteps.cs:line 59&#xD;
   at TechTalk.SpecFlow.Bindings.BindingInvoker.InvokeBinding(IBinding binding, IContextManager contextManager, Object[] arguments, ITestTracer testTracer, TimeSpan&amp; duration)&#xD;
   at TechTalk.SpecFlow.Infrastructure.TestExecutionEngine.ExecuteStepMatch(BindingMatch match, Object[] arguments, TimeSpan&amp; duration)&#xD;
   at TechTalk.SpecFlow.Infrastructure.TestExecutionEngine.ExecuteStep(IContextManager contextManager, StepInstance stepInstance)&#xD;
   at TechTalk.SpecFlow.Infrastructure.TestExecutionEngine.OnAfterLastStep()&#xD;
   at TechTalk.SpecFlow.TestRunner.CollectScenarioErrors()&#xD;
   at UI.Features.SystemIntegrationTests.UserJourney.SportOnlineBettingFeature.ScenarioCleanup()&#xD;
   at UI.Features.SystemIntegrationTests.UserJourney.SportOnlineBettingFeature.TheOnlinePlayerShouldBeAbleToPurchaseAInplaySimpleTicketUid6Da48565_61Fc_407A_8F86_5435Fa3Edc4A() in C:\Users\sandr\source\Diplomski\Code\web.test.UI\UI\Features\SystemIntegrationTests\UserJourney\SportOnlineBetting.feature:line 92&#xD;
</StackTrace>
        </ErrorInfo>
      </Output>
    </UnitTestResult>
  </Results>
  <TestDefinitions>
    <UnitTest name="ThePlayerShouldBeAbleToOpenThePlayerHistoryPageUid89C19Dc2_77C9_4E93_9B6B_Ea4A4D5Fdeb1" storage="c:\users\sandr\source\diplomski\code\web.test.ui\ui\bin\debug\net5.0\ui.dll" id="462c6867-563d-8fcf-a4d7-972874cf7236">
      <Execution id="896bbd67-22d8-499e-96aa-da84c74ab680" />
      <TestMethod codeBase="C:\Users\sandr\source\Diplomski\Code\web.test.UI\UI\bin\Debug\net5.0\UI.dll" adapterTypeName="executor://nunit3testexecutor/" className="UI.Features.SystemTests.NavigationFeature" name="ThePlayerShouldBeAbleToOpenThePlayerHistoryPageUid89C19Dc2_77C9_4E93_9B6B_Ea4A4D5Fdeb1" />
    </UnitTest>
    <UnitTest name="ThePlayerShouldBeAbleToOpenTheHomepageUid89B199D9_Ed54_4Ef2_A8D4_786A1D995D25" storage="c:\users\sandr\source\diplomski\code\web.test.ui\ui\bin\debug\net5.0\ui.dll" id="312d3942-1a7b-0a7c-33af-335b0d18a63c">
      <Execution id="bef85741-d880-4540-b5b0-87be8b99f2d8" />
      <TestMethod codeBase="C:\Users\sandr\source\Diplomski\Code\web.test.UI\UI\bin\Debug\net5.0\UI.dll" adapterTypeName="executor://nunit3testexecutor/" className="UI.Features.SystemTests.NavigationFeature" name="ThePlayerShouldBeAbleToOpenTheHomepageUid89B199D9_Ed54_4Ef2_A8D4_786A1D995D25" />
    </UnitTest>
    <UnitTest name="TheOnlinePlayerShouldBeAbleToLogoutFromTheSuperbetPageUid7C59221E_A3Cf_467A_9B01_7609816E119D" storage="c:\users\sandr\source\diplomski\code\web.test.ui\ui\bin\debug\net5.0\ui.dll" id="e7d66fc3-f627-c8ba-c466-7d8dbe4a1013">
      <Execution id="862aa364-48bd-461b-a340-7954c63add4f" />
      <TestMethod codeBase="C:\Users\sandr\source\Diplomski\Code\web.test.UI\UI\bin\Debug\net5.0\UI.dll" adapterTypeName="executor://nunit3testexecutor/" className="UI.Features.SystemTests.PlayerSessionFeature" name="TheOnlinePlayerShouldBeAbleToLogoutFromTheSuperbetPageUid7C59221E_A3Cf_467A_9B01_7609816E119D" />
    </UnitTest>
    <UnitTest name="ThePlayerShouldBeAbleToOpenTheCasinoLivePageUidE74A10Af_1D3A_410A_B3E7_B75B24A92C4E" storage="c:\users\sandr\source\diplomski\code\web.test.ui\ui\bin\debug\net5.0\ui.dll" id="f3d53b5f-6575-95b3-cffd-d26c50101f5c">
      <Execution id="18f0a0fc-d76f-4c5c-89ae-21e12d85522a" />
      <TestMethod codeBase="C:\Users\sandr\source\Diplomski\Code\web.test.UI\UI\bin\Debug\net5.0\UI.dll" adapterTypeName="executor://nunit3testexecutor/" className="UI.Features.SystemTests.NavigationFeature" name="ThePlayerShouldBeAbleToOpenTheCasinoLivePageUidE74A10Af_1D3A_410A_B3E7_B75B24A92C4E" />
    </UnitTest>
    <UnitTest name="ThePlayerShouldBeAbleToOpenTheHelpPopUpUidE324C779_C707_4C39_88C7_1D9Af058496A" storage="c:\users\sandr\source\diplomski\code\web.test.ui\ui\bin\debug\net5.0\ui.dll" id="96dc22a6-dc37-9b76-bb2e-c01b7e229c42">
      <Execution id="0ce7d96e-a56d-461a-b84c-a65765a7e36f" />
      <TestMethod codeBase="C:\Users\sandr\source\Diplomski\Code\web.test.UI\UI\bin\Debug\net5.0\UI.dll" adapterTypeName="executor://nunit3testexecutor/" className="UI.Features.SystemTests.NavigationFeature" name="ThePlayerShouldBeAbleToOpenTheHelpPopUpUidE324C779_C707_4C39_88C7_1D9Af058496A" />
    </UnitTest>
    <UnitTest name="TheOnlinePlayerShouldBeAbleToPurchaseAPrematchSimpleTicketUid1358B00E_C0Ce_4Fd9_8Fa0_0C496626F5C6" storage="c:\users\sandr\source\diplomski\code\web.test.ui\ui\bin\debug\net5.0\ui.dll" id="769b007d-5945-cb05-b0a3-a429c5fac78a">
      <Execution id="d3426d5b-82a7-4a9f-90f8-13c15caeea0b" />
      <TestMethod codeBase="C:\Users\sandr\source\Diplomski\Code\web.test.UI\UI\bin\Debug\net5.0\UI.dll" adapterTypeName="executor://nunit3testexecutor/" className="UI.Features.SystemIntegrationTests.UserJourney.SportOnlineBettingFeature" name="TheOnlinePlayerShouldBeAbleToPurchaseAPrematchSimpleTicketUid1358B00E_C0Ce_4Fd9_8Fa0_0C496626F5C6" />
    </UnitTest>
    <UnitTest name="ThePlayerShouldBeAbleToOpenTheShopsPageUidCdbbeb10_7B8B_453C_Ba55_7A56B9Db4E7D" storage="c:\users\sandr\source\diplomski\code\web.test.ui\ui\bin\debug\net5.0\ui.dll" id="832fe0bc-b37e-2659-ad02-03631e16c0eb">
      <Execution id="a17d30c7-bb90-489e-a553-cd538a66afbc" />
      <TestMethod codeBase="C:\Users\sandr\source\Diplomski\Code\web.test.UI\UI\bin\Debug\net5.0\UI.dll" adapterTypeName="executor://nunit3testexecutor/" className="UI.Features.SystemTests.NavigationFeature" name="ThePlayerShouldBeAbleToOpenTheShopsPageUidCdbbeb10_7B8B_453C_Ba55_7A56B9Db4E7D" />
    </UnitTest>
    <UnitTest name="TheOnlinePlayerShouldBeAbleToPurchaseALottoSimpleTicketUidB0Afcf6E_F620_49A3_9E30_5Dddc7895F39" storage="c:\users\sandr\source\diplomski\code\web.test.ui\ui\bin\debug\net5.0\ui.dll" id="06f8d459-195e-2026-15f9-0bef49edd0cf">
      <Execution id="f78acfcf-a4c2-4a77-92cf-17615d74b7f0" />
      <TestMethod codeBase="C:\Users\sandr\source\Diplomski\Code\web.test.UI\UI\bin\Debug\net5.0\UI.dll" adapterTypeName="executor://nunit3testexecutor/" className="UI.Features.SystemIntegrationTests.UserJourney.LottoOnlineBettingFeature" name="TheOnlinePlayerShouldBeAbleToPurchaseALottoSimpleTicketUidB0Afcf6E_F620_49A3_9E30_5Dddc7895F39" />
    </UnitTest>
    <UnitTest name="ThePlayerShouldBeAbleToOpenTheVirtualGamesPageUidD308F37E_8Eea_4F95_9Ae5_B80F1818261A" storage="c:\users\sandr\source\diplomski\code\web.test.ui\ui\bin\debug\net5.0\ui.dll" id="6a1b1fca-35f6-151e-865c-b9741de64790">
      <Execution id="da8d0a25-89e7-4375-a4d9-d97a658a7c63" />
      <TestMethod codeBase="C:\Users\sandr\source\Diplomski\Code\web.test.UI\UI\bin\Debug\net5.0\UI.dll" adapterTypeName="executor://nunit3testexecutor/" className="UI.Features.SystemTests.NavigationFeature" name="ThePlayerShouldBeAbleToOpenTheVirtualGamesPageUidD308F37E_8Eea_4F95_9Ae5_B80F1818261A" />
    </UnitTest>
    <UnitTest name="ThePlayerShouldBeAbleToOpenTheGamesPageUid953C3Ea1_B328_410B_9De3_57F878A3C777" storage="c:\users\sandr\source\diplomski\code\web.test.ui\ui\bin\debug\net5.0\ui.dll" id="ae22006c-1cde-9dca-3f19-cdab47fbd44b">
      <Execution id="648e4fdd-d4ca-497a-9273-13edbf9d1e03" />
      <TestMethod codeBase="C:\Users\sandr\source\Diplomski\Code\web.test.UI\UI\bin\Debug\net5.0\UI.dll" adapterTypeName="executor://nunit3testexecutor/" className="UI.Features.SystemTests.NavigationFeature" name="ThePlayerShouldBeAbleToOpenTheGamesPageUid953C3Ea1_B328_410B_9De3_57F878A3C777" />
    </UnitTest>
    <UnitTest name="ThePlayerShouldBeAbleToOpenTheLivePageUid333Cf42D_0725_4E29_8A88_7835A6F5993A" storage="c:\users\sandr\source\diplomski\code\web.test.ui\ui\bin\debug\net5.0\ui.dll" id="62bf34e6-5879-1091-841c-0420fda1134b">
      <Execution id="f8a77f6c-17f6-4a19-b848-a7d49bcd9b00" />
      <TestMethod codeBase="C:\Users\sandr\source\Diplomski\Code\web.test.UI\UI\bin\Debug\net5.0\UI.dll" adapterTypeName="executor://nunit3testexecutor/" className="UI.Features.SystemTests.NavigationFeature" name="ThePlayerShouldBeAbleToOpenTheLivePageUid333Cf42D_0725_4E29_8A88_7835A6F5993A" />
    </UnitTest>
    <UnitTest name="ThePlayerShouldBeAbleToOpenTheLottoPageUidD895Df3F_72B2_4650_Aab8_Ae364635Cfe6" storage="c:\users\sandr\source\diplomski\code\web.test.ui\ui\bin\debug\net5.0\ui.dll" id="38dd565e-bdff-4e9c-cd06-e26b79422a0d">
      <Execution id="d0bbe8c7-7eb7-40e8-a4e0-1e5b96ed40af" />
      <TestMethod codeBase="C:\Users\sandr\source\Diplomski\Code\web.test.UI\UI\bin\Debug\net5.0\UI.dll" adapterTypeName="executor://nunit3testexecutor/" className="UI.Features.SystemTests.NavigationFeature" name="ThePlayerShouldBeAbleToOpenTheLottoPageUidD895Df3F_72B2_4650_Aab8_Ae364635Cfe6" />
    </UnitTest>
    <UnitTest name="ThePlayerShouldBeAbleToOpenTheSportPageUid4D4679Dd_1212_4Fa1_A89F_9842A0735324" storage="c:\users\sandr\source\diplomski\code\web.test.ui\ui\bin\debug\net5.0\ui.dll" id="7ecd2631-c3db-2a32-8c89-0fd82e80c21e">
      <Execution id="81473410-a251-4bc7-89de-08ab5d41d9f7" />
      <TestMethod codeBase="C:\Users\sandr\source\Diplomski\Code\web.test.UI\UI\bin\Debug\net5.0\UI.dll" adapterTypeName="executor://nunit3testexecutor/" className="UI.Features.SystemTests.NavigationFeature" name="ThePlayerShouldBeAbleToOpenTheSportPageUid4D4679Dd_1212_4Fa1_A89F_9842A0735324" />
    </UnitTest>
    <UnitTest name="ThePlayerShouldBeAbleToOpenThePlayerAccountPageUid60E00Bd5_Ba27_4772_Ad5B_82406C92599E" storage="c:\users\sandr\source\diplomski\code\web.test.ui\ui\bin\debug\net5.0\ui.dll" id="8eed4094-d36c-308c-d5c6-ff8227b13555">
      <Execution id="d7686b96-2759-4a2b-8f70-41f73c2c2e24" />
      <TestMethod codeBase="C:\Users\sandr\source\Diplomski\Code\web.test.UI\UI\bin\Debug\net5.0\UI.dll" adapterTypeName="executor://nunit3testexecutor/" className="UI.Features.SystemTests.NavigationFeature" name="ThePlayerShouldBeAbleToOpenThePlayerAccountPageUid60E00Bd5_Ba27_4772_Ad5B_82406C92599E" />
    </UnitTest>
    <UnitTest name="TheOnlinePlayerShouldBeAbleToPurchaseAInplaySimpleTicketUid6Da48565_61Fc_407A_8F86_5435Fa3Edc4A" storage="c:\users\sandr\source\diplomski\code\web.test.ui\ui\bin\debug\net5.0\ui.dll" id="2de5489f-99b3-1868-cd77-dabc8f4ad750">
      <Execution id="0024348f-5cfe-4d05-9800-63b9a8c750b2" />
      <TestMethod codeBase="C:\Users\sandr\source\Diplomski\Code\web.test.UI\UI\bin\Debug\net5.0\UI.dll" adapterTypeName="executor://nunit3testexecutor/" className="UI.Features.SystemIntegrationTests.UserJourney.SportOnlineBettingFeature" name="TheOnlinePlayerShouldBeAbleToPurchaseAInplaySimpleTicketUid6Da48565_61Fc_407A_8F86_5435Fa3Edc4A" />
    </UnitTest>
    <UnitTest name="ThePlayerShouldBeAbleToOpenTheResultsPageUidE7D6451F_8B71_461E_B5C1_38930Eb41667" storage="c:\users\sandr\source\diplomski\code\web.test.ui\ui\bin\debug\net5.0\ui.dll" id="cd55d25b-41d2-42ae-24a1-94a58f3fa220">
      <Execution id="715e7f9b-5897-4315-8157-e775a9cd1ac2" />
      <TestMethod codeBase="C:\Users\sandr\source\Diplomski\Code\web.test.UI\UI\bin\Debug\net5.0\UI.dll" adapterTypeName="executor://nunit3testexecutor/" className="UI.Features.SystemTests.NavigationFeature" name="ThePlayerShouldBeAbleToOpenTheResultsPageUidE7D6451F_8B71_461E_B5C1_38930Eb41667" />
    </UnitTest>
    <UnitTest name="ThePlayerShouldBeAbleToLogInTheSuperbetPageUid45Bba8D7_836C_41C4_9E37_4064A9Ee474B" storage="c:\users\sandr\source\diplomski\code\web.test.ui\ui\bin\debug\net5.0\ui.dll" id="83c159ff-89ec-1f41-ffcc-7cb7f3277b04">
      <Execution id="b7870f2f-34fb-4135-8efd-40ec81d6d19f" />
      <TestMethod codeBase="C:\Users\sandr\source\Diplomski\Code\web.test.UI\UI\bin\Debug\net5.0\UI.dll" adapterTypeName="executor://nunit3testexecutor/" className="UI.Features.SystemTests.PlayerSessionFeature" name="ThePlayerShouldBeAbleToLogInTheSuperbetPageUid45Bba8D7_836C_41C4_9E37_4064A9Ee474B" />
    </UnitTest>
    <UnitTest name="ThePlayerShouldBeAbleToOpenTheNewsPageUidFd12947E_F5C9_44F5_A29B_8843D07E24B7" storage="c:\users\sandr\source\diplomski\code\web.test.ui\ui\bin\debug\net5.0\ui.dll" id="150d07a3-0984-fd59-db0d-baa368cb2b6c">
      <Execution id="5748b807-f105-4970-9b83-61122fbe0d6d" />
      <TestMethod codeBase="C:\Users\sandr\source\Diplomski\Code\web.test.UI\UI\bin\Debug\net5.0\UI.dll" adapterTypeName="executor://nunit3testexecutor/" className="UI.Features.SystemTests.NavigationFeature" name="ThePlayerShouldBeAbleToOpenTheNewsPageUidFd12947E_F5C9_44F5_A29B_8843D07E24B7" />
    </UnitTest>
    <UnitTest name="ThePlayerShouldBeAbleToOpenThePlayerTicketsPageUidB76218Ac_Af1A_432E_9735_E5Ffa15090Ec" storage="c:\users\sandr\source\diplomski\code\web.test.ui\ui\bin\debug\net5.0\ui.dll" id="7f950236-c379-a9eb-85ac-327d2bf02419">
      <Execution id="6eee0090-b4b4-473c-9b84-a587881b4b5a" />
      <TestMethod codeBase="C:\Users\sandr\source\Diplomski\Code\web.test.UI\UI\bin\Debug\net5.0\UI.dll" adapterTypeName="executor://nunit3testexecutor/" className="UI.Features.SystemTests.NavigationFeature" name="ThePlayerShouldBeAbleToOpenThePlayerTicketsPageUidB76218Ac_Af1A_432E_9735_E5Ffa15090Ec" />
    </UnitTest>
  </TestDefinitions>
  <TestEntries>
    <TestEntry testId="62bf34e6-5879-1091-841c-0420fda1134b" executionId="f8a77f6c-17f6-4a19-b848-a7d49bcd9b00" testListId="8c84fa94-04c1-424b-9868-57a2d4851a1d" />
    <TestEntry testId="7ecd2631-c3db-2a32-8c89-0fd82e80c21e" executionId="81473410-a251-4bc7-89de-08ab5d41d9f7" testListId="8c84fa94-04c1-424b-9868-57a2d4851a1d" />
    <TestEntry testId="7f950236-c379-a9eb-85ac-327d2bf02419" executionId="6eee0090-b4b4-473c-9b84-a587881b4b5a" testListId="8c84fa94-04c1-424b-9868-57a2d4851a1d" />
    <TestEntry testId="38dd565e-bdff-4e9c-cd06-e26b79422a0d" executionId="d0bbe8c7-7eb7-40e8-a4e0-1e5b96ed40af" testListId="8c84fa94-04c1-424b-9868-57a2d4851a1d" />
    <TestEntry testId="832fe0bc-b37e-2659-ad02-03631e16c0eb" executionId="a17d30c7-bb90-489e-a553-cd538a66afbc" testListId="8c84fa94-04c1-424b-9868-57a2d4851a1d" />
    <TestEntry testId="769b007d-5945-cb05-b0a3-a429c5fac78a" executionId="d3426d5b-82a7-4a9f-90f8-13c15caeea0b" testListId="8c84fa94-04c1-424b-9868-57a2d4851a1d" />
    <TestEntry testId="6a1b1fca-35f6-151e-865c-b9741de64790" executionId="da8d0a25-89e7-4375-a4d9-d97a658a7c63" testListId="8c84fa94-04c1-424b-9868-57a2d4851a1d" />
    <TestEntry testId="83c159ff-89ec-1f41-ffcc-7cb7f3277b04" executionId="b7870f2f-34fb-4135-8efd-40ec81d6d19f" testListId="8c84fa94-04c1-424b-9868-57a2d4851a1d" />
    <TestEntry testId="312d3942-1a7b-0a7c-33af-335b0d18a63c" executionId="bef85741-d880-4540-b5b0-87be8b99f2d8" testListId="8c84fa94-04c1-424b-9868-57a2d4851a1d" />
    <TestEntry testId="96dc22a6-dc37-9b76-bb2e-c01b7e229c42" executionId="0ce7d96e-a56d-461a-b84c-a65765a7e36f" testListId="8c84fa94-04c1-424b-9868-57a2d4851a1d" />
    <TestEntry testId="462c6867-563d-8fcf-a4d7-972874cf7236" executionId="896bbd67-22d8-499e-96aa-da84c74ab680" testListId="8c84fa94-04c1-424b-9868-57a2d4851a1d" />
    <TestEntry testId="cd55d25b-41d2-42ae-24a1-94a58f3fa220" executionId="715e7f9b-5897-4315-8157-e775a9cd1ac2" testListId="8c84fa94-04c1-424b-9868-57a2d4851a1d" />
    <TestEntry testId="06f8d459-195e-2026-15f9-0bef49edd0cf" executionId="f78acfcf-a4c2-4a77-92cf-17615d74b7f0" testListId="8c84fa94-04c1-424b-9868-57a2d4851a1d" />
    <TestEntry testId="150d07a3-0984-fd59-db0d-baa368cb2b6c" executionId="5748b807-f105-4970-9b83-61122fbe0d6d" testListId="8c84fa94-04c1-424b-9868-57a2d4851a1d" />
    <TestEntry testId="ae22006c-1cde-9dca-3f19-cdab47fbd44b" executionId="648e4fdd-d4ca-497a-9273-13edbf9d1e03" testListId="8c84fa94-04c1-424b-9868-57a2d4851a1d" />
    <TestEntry testId="e7d66fc3-f627-c8ba-c466-7d8dbe4a1013" executionId="862aa364-48bd-461b-a340-7954c63add4f" testListId="8c84fa94-04c1-424b-9868-57a2d4851a1d" />
    <TestEntry testId="f3d53b5f-6575-95b3-cffd-d26c50101f5c" executionId="18f0a0fc-d76f-4c5c-89ae-21e12d85522a" testListId="8c84fa94-04c1-424b-9868-57a2d4851a1d" />
    <TestEntry testId="8eed4094-d36c-308c-d5c6-ff8227b13555" executionId="d7686b96-2759-4a2b-8f70-41f73c2c2e24" testListId="8c84fa94-04c1-424b-9868-57a2d4851a1d" />
    <TestEntry testId="2de5489f-99b3-1868-cd77-dabc8f4ad750" executionId="0024348f-5cfe-4d05-9800-63b9a8c750b2" testListId="8c84fa94-04c1-424b-9868-57a2d4851a1d" />
  </TestEntries>
  <TestLists>
    <TestList name="Results Not in a List" id="8c84fa94-04c1-424b-9868-57a2d4851a1d" />
    <TestList name="All Loaded Results" id="19431567-8539-422a-85d7-44ee4e166bda" />
  </TestLists>
  <ResultSummary outcome="Failed">
    <Counters total="19" executed="19" passed="17" failed="2" error="0" timeout="0" aborted="0" inconclusive="0" passedButRunAborted="0" notRunnable="0" notExecuted="0" disconnected="0" warning="0" completed="0" inProgress="0" pending="0" />
    <Output>
      <StdOut>NUnit Adapter 4.0.0.0: Test execution started&#xD;
Running selected tests in C:\Users\sandr\source\Diplomski\Code\web.test.UI\UI\bin\Debug\net5.0\UI.dll&#xD;
   NUnit3TestExecutor discovered 19 of 19 NUnit test cases using Current Discovery mode, Non-Explicit run&#xD;
#16: Given the player is logged in&#xD;
#19: Given the player is logged in&#xD;
#13: Given the player is logged in&#xD;
#14: Given the player is on the page "SUPERBET"&#xD;
-&gt; #14: done: NavigationSteps.GivenThePlayerIsOnThePage("SUPERBET") (16.7s)&#xD;
#14: When the player clicks on the page "CASINO"&#xD;
-&gt; #14: done: NavigationSteps.WhenThePlayerClicksOnThePage("CASINO") (0.8s)&#xD;
#14: Then the "CASINO" page is displayed&#xD;
-&gt; #14: done: NavigationSteps.ThenThePageIsDisplayed("CASINO") (0.2s)&#xD;
-&gt; #13: done: PlayerSteps.GivenThePlayerIsLoggedIn() (24.3s)&#xD;
#13: And the player has added "1" Lotto selection to the Betslip&#xD;
-&gt; #16: done: PlayerSteps.GivenThePlayerIsLoggedIn() (24.9s)&#xD;
#16: And the player has added "1" random "INPLAY" "FOOTBALL" events to the Betslip&#xD;
#14: Given the player is on the page "SUPERBET"&#xD;
-&gt; #19: done: PlayerSteps.GivenThePlayerIsLoggedIn() (25.3s)&#xD;
#19: When the player tries to logout&#xD;
-&gt; #19: done: PlayerSteps.WhenThePlayerTriesToLogout() (0.5s)&#xD;
#19: Then the player is logged out&#xD;
-&gt; #19: done: PlayerSteps.ThenThePlayerIsLoggedOut() (1.6s)&#xD;
#19: Given the player is on the page "SUPERBET"&#xD;
-&gt; #14: done: NavigationSteps.GivenThePlayerIsOnThePage("SUPERBET") (8.9s)&#xD;
#14: When the player clicks on the page "GAMES"&#xD;
-&gt; #14: done: NavigationSteps.WhenThePlayerClicksOnThePage("GAMES") (1.6s)&#xD;
#14: Then the "GAMES" page is displayed&#xD;
-&gt; #14: done: NavigationSteps.ThenThePageIsDisplayed("GAMES") (0.1s)&#xD;
#14: Given the player is on the page "SUPERBET"&#xD;
-&gt; #19: done: NavigationSteps.GivenThePlayerIsOnThePage("SUPERBET") (8.7s)&#xD;
#19: When the player tries to log in with valid credentials&#xD;
-&gt; #19: done: PlayerSteps.WhenThePlayerTriesToLogInWithValidCredentials() (2.7s)&#xD;
#19: Then the player should be logged in&#xD;
-&gt; #19: done: PlayerSteps.ThenThePlayerShouldBeLoggedIn() (1.9s)&#xD;
-&gt; #14: done: NavigationSteps.GivenThePlayerIsOnThePage("SUPERBET") (8.7s)&#xD;
#14: When the player clicks on the page "HELP"&#xD;
-&gt; #14: done: NavigationSteps.WhenThePlayerClicksOnThePage("HELP") (0.1s)&#xD;
#14: Then the "HELP" page is displayed&#xD;
-&gt; #14: done: NavigationSteps.ThenThePageIsDisplayed("HELP") (0.1s)&#xD;
#14: Given the player is on the page "LIVE"&#xD;
-&gt; #14: done: NavigationSteps.GivenThePlayerIsOnThePage("LIVE") (8.6s)&#xD;
#14: When the player clicks on the page "SUPERBET"&#xD;
-&gt; #14: done: NavigationSteps.WhenThePlayerClicksOnThePage("SUPERBET") (1.0s)&#xD;
#14: Then the "SUPERBET" page is displayed&#xD;
-&gt; #14: done: NavigationSteps.ThenThePageIsDisplayed("SUPERBET") (0.0s)&#xD;
#14: Given the player is on the page "SUPERBET"&#xD;
-&gt; #14: done: NavigationSteps.GivenThePlayerIsOnThePage("SUPERBET") (8.3s)&#xD;
#14: When the player clicks on the page "LIVE"&#xD;
-&gt; #14: done: NavigationSteps.WhenThePlayerClicksOnThePage("LIVE") (0.7s)&#xD;
#14: Then the "LIVE" page is displayed&#xD;
-&gt; #14: done: NavigationSteps.ThenThePageIsDisplayed("LIVE") (0.1s)&#xD;
#14: Given the player is on the page "SUPERBET"&#xD;
-&gt; #16: error: Step 'the player has added 1 random INPLAY FOOTBALL events to the Betslip' failed! Method WdFindElement can not find element with locator: By.CssSelector: .e2e-5.&#xD;
Method WdHighlight can not find and highlight element with locator: By.CssSelector: .e2e-5.&#xD;
Timed out after 60 seconds. (61.3s)&#xD;
#16: When the player purchases an "ONLINE" sport "SIMPLE" ticket&#xD;
-&gt; #16: skipped because of previous errors&#xD;
#16: Then the "ONLINE" sport "SIMPLE" ticket is purchased&#xD;
-&gt; #16: skipped because of previous errors&#xD;
#16: And the player balance amount is subtracted by the ticket stake&#xD;
-&gt; #16: skipped because of previous errors&#xD;
-&gt; #13: error: Step 'the player has added 1 Lotto selection to the Betslip' failed! Method WdFindElements can not find element with locator: By.CssSelector: .ball-grid__ball-wrapper.&#xD;
Method WdHighlight can not find and highlight element with locator: By.CssSelector: .ball-grid__ball-wrapper.&#xD;
Timed out after 60 seconds (62.8s)&#xD;
#13: When the player purchases an "ONLINE" Lotto "SIMPLE" ticket&#xD;
-&gt; #13: skipped because of previous errors&#xD;
#13: Then the "ONLINE" Lotto "SIMPLE" ticket is purchased&#xD;
-&gt; #13: skipped because of previous errors&#xD;
#13: And the player balance amount is subtracted by the ticket stake&#xD;
-&gt; #13: skipped because of previous errors&#xD;
&#xD;
NUnit Adapter 4.0.0.0: Test execution complete&#xD;
</StdOut>
    </Output>
  </ResultSummary>
</TestRun>